{"timestamp":"2026-02-24T02:46:43.203Z","fileName":"kengkla_resume_n.pdf","fileType":"pdf","inputTokens":1353,"outputTokens":418,"totalTokens":1771,"processingTime":6181,"extractedLength":1519}
{"timestamp":"2026-02-24T02:46:43.650Z","fileName":"UIUX_Sai Kyal Sin Tun_Resume (2).pdf","fileType":"pdf","inputTokens":1353,"outputTokens":586,"totalTokens":1939,"processingTime":6707,"extractedLength":2425}
{"timestamp":"2026-02-24T02:46:44.579Z","fileName":"ทรรศนีย์ จันทร์สุวรรณ (1) (1).pdf","fileType":"pdf","inputTokens":1353,"outputTokens":724,"totalTokens":2077,"processingTime":7477,"extractedLength":1661}
{"timestamp":"2026-02-24T02:46:45.552Z","fileName":"Hein Khant Pyae Kyaw Resume_Updated (1).pdf","fileType":"pdf","inputTokens":579,"outputTokens":991,"totalTokens":1570,"processingTime":8609,"extractedLength":4234}
{"timestamp":"2026-02-24T03:28:47.600Z","fileName":"Helloการเขียนชื่อไทย.png","fileType":"png","inputTokens":1346,"outputTokens":33,"totalTokens":1379,"processingTime":2607,"extractedLength":92}
{"timestamp":"2026-02-24T03:28:47.707Z","fileName":"Mock.png","fileType":"png","inputTokens":1346,"outputTokens":22,"totalTokens":1368,"processingTime":2634,"extractedLength":60}
{"timestamp":"2026-02-24T03:28:50.111Z","fileName":"การพาณิชย์อิเล็กทรอนิกส์.png","fileType":"png","inputTokens":1088,"outputTokens":122,"totalTokens":1210,"processingTime":2359,"extractedLength":369}
{"timestamp":"2026-02-24T03:28:50.334Z","fileName":"2 (2).jpg","fileType":"jpg","inputTokens":1862,"outputTokens":529,"totalTokens":2391,"processingTime":5446,"extractedLength":1609}
{"timestamp":"2026-02-24T03:28:51.965Z","fileName":"0-z6l6VDI6-photo (1).gif","fileType":"gif","inputTokens":1862,"outputTokens":393,"totalTokens":2255,"processingTime":4309,"extractedLength":1306}
{"timestamp":"2026-02-24T03:28:52.085Z","fileName":"ทรรศนีย์ จันทร์สุวรรณ (1) (1) (2)_page-0001.jpg","fileType":"jpg","inputTokens":1862,"outputTokens":713,"totalTokens":2575,"processingTime":7196,"extractedLength":1667}
{"timestamp":"2026-02-24T03:28:52.295Z","fileName":"cuteRibbonFont.jpg","fileType":"jpg","inputTokens":1346,"outputTokens":60,"totalTokens":1406,"processingTime":2180,"extractedLength":201}
{"timestamp":"2026-02-24T03:28:57.141Z","fileName":"5f09ee88ed31286bd8b6e4a8_example-janitor-resume (1).png","fileType":"png","inputTokens":2636,"outputTokens":759,"totalTokens":3395,"processingTime":6759,"extractedLength":3255}
{"timestamp":"2026-02-24T03:38:14.804Z","fileName":"Resume.jpg","fileType":"jpg","inputTokens":3410,"outputTokens":246,"totalTokens":3656,"processingTime":3999,"extractedLength":905}
{"timestamp":"2026-02-24T03:38:16.764Z","fileName":"UIUX_Sai Kyal Sin Tun_Resume (2).pdf","fileType":"pdf","inputTokens":1353,"outputTokens":588,"totalTokens":1941,"processingTime":6046,"extractedLength":2427}
{"timestamp":"2026-02-24T03:38:17.851Z","fileName":"ทรรศนีย์ จันทร์สุวรรณ (1) (1).pdf","fileType":"pdf","inputTokens":1353,"outputTokens":723,"totalTokens":2076,"processingTime":7039,"extractedLength":1660}
{"timestamp":"2026-02-24T03:38:18.572Z","fileName":"Hein Khant Pyae Kyaw Resume_Updated (1).pdf","fileType":"pdf","inputTokens":579,"outputTokens":991,"totalTokens":1570,"processingTime":7850,"extractedLength":4234}
{"timestamp":"2026-02-24T03:38:19.561Z","fileName":"kengkla_resume_n.pdf","fileType":"pdf","inputTokens":1353,"outputTokens":418,"totalTokens":1771,"processingTime":4713,"extractedLength":1519}
{"timestamp":"2026-02-24T03:38:36.687Z","fileName":"Mock.png","fileType":"png","inputTokens":1346,"outputTokens":24,"totalTokens":1370,"processingTime":2366,"extractedLength":59}
{"timestamp":"2026-02-24T03:38:38.478Z","fileName":"เรซูเม่.webp","fileType":"webp","inputTokens":1862,"outputTokens":373,"totalTokens":2235,"processingTime":4157,"extractedLength":1100}
{"timestamp":"2026-02-24T03:45:00.922Z","fileName":"Mock.png","fileType":"png","inputTokens":1346,"outputTokens":22,"totalTokens":1368,"processingTime":2522,"extractedLength":60}
{"timestamp":"2026-02-24T03:45:02.403Z","fileName":"Resume.jpg","fileType":"jpg","inputTokens":3410,"outputTokens":246,"totalTokens":3656,"processingTime":3903,"extractedLength":905}
{"timestamp":"2026-02-24T03:45:02.867Z","fileName":"เรซูเม่.webp","fileType":"webp","inputTokens":1862,"outputTokens":370,"totalTokens":2232,"processingTime":4467,"extractedLength":1096}
{"timestamp":"2026-02-24T03:45:02.965Z","fileName":"kengkla_resume_n.pdf","fileType":"pdf","inputTokens":1353,"outputTokens":419,"totalTokens":1772,"processingTime":4388,"extractedLength":1520}
{"timestamp":"2026-02-24T03:45:06.302Z","fileName":"UIUX_Sai Kyal Sin Tun_Resume (2).pdf","fileType":"pdf","inputTokens":1353,"outputTokens":588,"totalTokens":1941,"processingTime":5330,"extractedLength":2427}
{"timestamp":"2026-02-24T03:45:08.757Z","fileName":"ทรรศนีย์ จันทร์สุวรรณ (1) (1).pdf","fileType":"pdf","inputTokens":1353,"outputTokens":724,"totalTokens":2077,"processingTime":6200,"extractedLength":1661}
{"timestamp":"2026-02-24T03:45:10.300Z","fileName":"Hein Khant Pyae Kyaw Resume_Updated (1).pdf","fileType":"pdf","inputTokens":579,"outputTokens":991,"totalTokens":1570,"processingTime":7389,"extractedLength":4234}
{"timestamp":"2026-02-24T03:48:52.769Z","fileName":"Resume.jpg","fileType":"jpg","inputTokens":3410,"outputTokens":246,"totalTokens":3656,"processingTime":3692,"extractedLength":905}
{"timestamp":"2026-02-24T03:48:54.612Z","fileName":"UIUX_Sai Kyal Sin Tun_Resume (2).pdf","fileType":"pdf","inputTokens":1353,"outputTokens":586,"totalTokens":1939,"processingTime":5619,"extractedLength":2425}
{"timestamp":"2026-02-24T03:48:55.392Z","fileName":"ทรรศนีย์ จันทร์สุวรรณ (1) (1).pdf","fileType":"pdf","inputTokens":1353,"outputTokens":724,"totalTokens":2077,"processingTime":6309,"extractedLength":1661}
{"timestamp":"2026-02-24T03:48:56.445Z","fileName":"Hein Khant Pyae Kyaw Resume_Updated (1).pdf","fileType":"pdf","inputTokens":579,"outputTokens":991,"totalTokens":1570,"processingTime":7445,"extractedLength":4234}
{"timestamp":"2026-02-24T03:48:57.130Z","fileName":"kengkla_resume_n.pdf","fileType":"pdf","inputTokens":1353,"outputTokens":418,"totalTokens":1771,"processingTime":4315,"extractedLength":1519}
{"timestamp":"2026-02-24T03:49:15.706Z","fileName":"Mock.png","fileType":"png","inputTokens":1346,"outputTokens":21,"totalTokens":1367,"processingTime":3016,"extractedLength":59}
{"timestamp":"2026-02-24T03:49:16.625Z","fileName":"เรซูเม่.webp","fileType":"webp","inputTokens":1862,"outputTokens":368,"totalTokens":2230,"processingTime":3935,"extractedLength":1092}
{"timestamp":"2026-02-24T03:53:26.915Z","fileName":"ทรรศนีย์ จันทร์สุวรรณ (1) (1) (1).pdf","fileType":"pdf","inputTokens":1353,"outputTokens":724,"totalTokens":2077,"processingTime":6346,"extractedLength":1661}
{"timestamp":"2026-02-24T08:37:04.192Z","fileName":"Resume.jpg","fileType":"jpg","inputTokens":3410,"outputTokens":246,"totalTokens":3656,"processingTime":4277,"extractedLength":905}
{"timestamp":"2026-02-24T08:37:06.412Z","fileName":"Mock.png","fileType":"png","inputTokens":1346,"outputTokens":25,"totalTokens":1371,"processingTime":2214,"extractedLength":60}
{"timestamp":"2026-02-24T08:38:11.841Z","fileName":"Mock.png","fileType":"png","inputTokens":1346,"outputTokens":21,"totalTokens":1367,"processingTime":3024,"extractedLength":59}
{"timestamp":"2026-02-24T08:38:12.946Z","fileName":"Resume.jpg","fileType":"jpg","inputTokens":3410,"outputTokens":246,"totalTokens":3656,"processingTime":4502,"extractedLength":905}
{"timestamp":"2026-02-24T08:38:13.453Z","fileName":"เรซูเม่.webp","fileType":"webp","inputTokens":1862,"outputTokens":372,"totalTokens":2234,"processingTime":5009,"extractedLength":1100}
{"timestamp":"2026-02-24T08:39:28.448Z","fileName":"Mock.png","fileType":"png","inputTokens":1346,"outputTokens":22,"totalTokens":1368,"processingTime":2294,"extractedLength":60}
{"timestamp":"2026-02-24T08:39:29.440Z","fileName":"Resume.jpg","fileType":"jpg","inputTokens":3410,"outputTokens":246,"totalTokens":3656,"processingTime":3672,"extractedLength":905}
{"timestamp":"2026-02-24T08:39:30.072Z","fileName":"เรซูเม่.webp","fileType":"webp","inputTokens":1862,"outputTokens":374,"totalTokens":2236,"processingTime":4304,"extractedLength":1100}
{"timestamp":"2026-02-24T08:42:19.591Z","fileName":"Mock.png","fileType":"png","inputTokens":1346,"outputTokens":24,"totalTokens":1370,"processingTime":2449,"extractedLength":59}
{"timestamp":"2026-02-24T08:42:21.222Z","fileName":"เรซูเม่.webp","fileType":"webp","inputTokens":1862,"outputTokens":369,"totalTokens":2231,"processingTime":4331,"extractedLength":1094}
{"timestamp":"2026-02-24T08:42:21.343Z","fileName":"Resume.jpg","fileType":"jpg","inputTokens":3410,"outputTokens":246,"totalTokens":3656,"processingTime":4065,"extractedLength":905}
{"timestamp":"2026-02-24T08:47:34.224Z","fileName":"Mock.png","fileType":"png","inputTokens":1346,"outputTokens":22,"totalTokens":1368,"processingTime":2478,"extractedLength":60}
{"timestamp":"2026-02-24T08:49:22.754Z","fileName":"ไทยแลน.jpg","fileType":"jpg","inputTokens":1862,"outputTokens":10,"totalTokens":1872,"processingTime":2492,"extractedLength":24}
{"timestamp":"2026-02-24T08:49:22.881Z","fileName":"Helloการเขียนชื่อไทย.png","fileType":"png","inputTokens":1346,"outputTokens":33,"totalTokens":1379,"processingTime":2303,"extractedLength":92}
{"timestamp":"2026-02-24T08:49:23.125Z","fileName":"การพาณิชย์อิเล็กทรอนิกส์.png","fileType":"png","inputTokens":1088,"outputTokens":121,"totalTokens":1209,"processingTime":2696,"extractedLength":368}
{"timestamp":"2026-02-24T08:49:27.595Z","fileName":"0-z6l6VDI6-photo (1).gif","fileType":"gif","inputTokens":1862,"outputTokens":396,"totalTokens":2258,"processingTime":4612,"extractedLength":1311}
{"timestamp":"2026-02-24T08:49:44.503Z","fileName":"Mock.png","fileType":"png","inputTokens":1346,"outputTokens":25,"totalTokens":1371,"processingTime":24525,"extractedLength":60}
{"timestamp":"2026-02-24T08:50:27.874Z","fileName":"5f09ee88ed31286bd8b6e4a8_example-janitor-resume (1).png","fileType":"png","inputTokens":2636,"outputTokens":730,"totalTokens":3366,"processingTime":7649,"extractedLength":3257}
{"timestamp":"2026-02-24T08:50:38.338Z","fileName":"cuteRibbonFont.jpg","fileType":"jpg","inputTokens":1346,"outputTokens":60,"totalTokens":1406,"processingTime":2129,"extractedLength":201}
{"timestamp":"2026-02-24T08:59:41.482Z","fileName":"cuteRibbonFont.jpg","fileType":"jpg","inputTokens":1346,"outputTokens":60,"totalTokens":1406,"processingTime":2558,"extractedLength":201}
{"timestamp":"2026-02-24T08:59:41.484Z","fileName":"การพาณิชย์อิเล็กทรอนิกส์.png","fileType":"png","inputTokens":1088,"outputTokens":122,"totalTokens":1210,"processingTime":2644,"extractedLength":369}
{"timestamp":"2026-02-24T08:59:41.929Z","fileName":"ไทยแลน.jpg","fileType":"jpg","inputTokens":1862,"outputTokens":9,"totalTokens":1871,"processingTime":2451,"extractedLength":21}
{"timestamp":"2026-02-24T09:45:57.209Z","fileName":"Helloการเขียนชื่อไทย.png","fileType":"png","inputTokens":1346,"outputTokens":33,"totalTokens":1379,"processingTime":2562,"extractedLength":92}
{"timestamp":"2026-02-26T06:46:47.362Z","fileName":"การพาณิชย์อิเล็กทรอนิกส์.png","fileType":"png","inputTokens":1088,"outputTokens":122,"totalTokens":1210,"processingTime":2784,"extractedLength":369}
{"timestamp":"2026-02-26T06:46:47.581Z","fileName":"cuteRibbonFont.jpg","fileType":"jpg","inputTokens":1346,"outputTokens":60,"totalTokens":1406,"processingTime":2590,"extractedLength":201}
{"timestamp":"2026-02-26T06:46:47.581Z","fileName":"Mock.png","fileType":"png","inputTokens":1346,"outputTokens":25,"totalTokens":1371,"processingTime":2965,"extractedLength":60}
{"timestamp":"2026-02-26T06:46:47.803Z","fileName":"cuteRibbonFont.jpg","fileType":"jpg","inputTokens":1346,"outputTokens":60,"totalTokens":1406,"processingTime":2862,"extractedLength":201}
{"timestamp":"2026-02-26T06:46:49.780Z","fileName":"ไทยแลน.jpg","fileType":"jpg","inputTokens":1862,"outputTokens":10,"totalTokens":1872,"processingTime":2250,"extractedLength":22}
{"timestamp":"2026-02-26T06:46:49.780Z","fileName":"Helloการเขียนชื่อไทย.png","fileType":"png","inputTokens":1346,"outputTokens":33,"totalTokens":1379,"processingTime":2105,"extractedLength":92}
{"timestamp":"2026-02-26T06:46:49.893Z","fileName":"Helloการเขียนชื่อไทย.png","fileType":"png","inputTokens":1346,"outputTokens":33,"totalTokens":1379,"processingTime":2086,"extractedLength":92}
{"timestamp":"2026-02-26T06:46:51.769Z","fileName":"ไทยแลน.jpg","fileType":"jpg","inputTokens":1862,"outputTokens":9,"totalTokens":1871,"processingTime":1980,"extractedLength":22}
{"timestamp":"2026-02-26T06:46:52.205Z","fileName":"การพาณิชย์อิเล็กทรอนิกส์.png","fileType":"png","inputTokens":1088,"outputTokens":122,"totalTokens":1210,"processingTime":2305,"extractedLength":369}
{"timestamp":"2026-02-26T06:46:54.430Z","fileName":"0-z6l6VDI6-photo (1).gif","fileType":"gif","inputTokens":1862,"outputTokens":388,"totalTokens":2250,"processingTime":4530,"extractedLength":1292}
{"timestamp":"2026-02-26T06:46:54.965Z","fileName":"5f09ee88ed31286bd8b6e4a8_example-janitor-resume (1).png","fileType":"png","inputTokens":2636,"outputTokens":759,"totalTokens":3395,"processingTime":6972,"extractedLength":3255}
{"timestamp":"2026-03-02T04:41:06.985Z","fileName":"ไทยแลน.jpg","fileType":"jpg","inputTokens":1862,"outputTokens":10,"totalTokens":1872,"processingTime":2475,"extractedLength":23}
{"timestamp":"2026-03-02T04:41:07.112Z","fileName":"ไทยแลน.jpg","fileType":"jpg","inputTokens":1862,"outputTokens":10,"totalTokens":1872,"processingTime":2128,"extractedLength":25}
{"timestamp":"2026-03-02T04:41:07.217Z","fileName":"cuteRibbonFont.jpg","fileType":"jpg","inputTokens":1346,"outputTokens":60,"totalTokens":1406,"processingTime":1831,"extractedLength":201}
{"timestamp":"2026-03-02T04:41:08.528Z","fileName":"0-z6l6VDI6-photo.gif","fileType":"gif","inputTokens":1862,"outputTokens":388,"totalTokens":2250,"processingTime":4019,"extractedLength":1292}
{"timestamp":"2026-03-02T04:41:09.340Z","fileName":"Mock.png","fileType":"png","inputTokens":1346,"outputTokens":22,"totalTokens":1368,"processingTime":1967,"extractedLength":60}
{"timestamp":"2026-03-02T04:41:10.778Z","fileName":"0-z6l6VDI6-photo (1).gif","fileType":"gif","inputTokens":1862,"outputTokens":395,"totalTokens":2257,"processingTime":3359,"extractedLength":1311}
{"timestamp":"2026-03-02T04:41:10.990Z","fileName":"Mock.png","fileType":"png","inputTokens":1346,"outputTokens":22,"totalTokens":1368,"processingTime":1645,"extractedLength":60}
{"timestamp":"2026-03-02T04:41:11.427Z","fileName":"2 (2).jpg","fileType":"jpg","inputTokens":1862,"outputTokens":534,"totalTokens":2396,"processingTime":4301,"extractedLength":1605}
{"timestamp":"2026-03-02T04:41:14.701Z","fileName":"ทรรศนีย์ จันทร์สุวรรณ (1) (1) (2)_page-0001.jpg","fileType":"jpg","inputTokens":1862,"outputTokens":722,"totalTokens":2584,"processingTime":6058,"extractedLength":1669}
{"timestamp":"2026-03-02T04:41:16.435Z","fileName":"Mock.png","fileType":"png","inputTokens":1346,"outputTokens":21,"totalTokens":1367,"processingTime":1727,"extractedLength":59}
{"timestamp":"2026-03-02T04:41:17.086Z","fileName":"5f09ee88ed31286bd8b6e4a8_example-janitor-resume.png","fileType":"png","inputTokens":2636,"outputTokens":758,"totalTokens":3394,"processingTime":6293,"extractedLength":3254}
{"timestamp":"2026-03-02T04:41:17.436Z","fileName":"5f09ee88ed31286bd8b6e4a8_example-janitor-resume (1).png","fileType":"png","inputTokens":2636,"outputTokens":760,"totalTokens":3396,"processingTime":6302,"extractedLength":3258}
{"timestamp":"2026-03-02T04:41:17.741Z","fileName":"5f09ee88ed31286bd8b6e4a8_example-janitor-resume (1).png","fileType":"png","inputTokens":2636,"outputTokens":759,"totalTokens":3395,"processingTime":6308,"extractedLength":3255}
{"timestamp":"2026-03-02T04:41:18.074Z","fileName":"Helloการเขียนชื่อไทย.png","fileType":"png","inputTokens":1346,"outputTokens":33,"totalTokens":1379,"processingTime":1523,"extractedLength":92}
{"timestamp":"2026-03-02T04:41:18.739Z","fileName":"cuteRibbonFont.jpg","fileType":"jpg","inputTokens":1346,"outputTokens":60,"totalTokens":1406,"processingTime":1491,"extractedLength":201}
{"timestamp":"2026-03-02T04:41:20.922Z","fileName":"0-z6l6VDI6-photo.gif","fileType":"gif","inputTokens":1862,"outputTokens":392,"totalTokens":2254,"processingTime":3479,"extractedLength":1304}
{"timestamp":"2026-03-02T04:41:58.773Z","fileName":"Mock.png","fileType":"png","inputTokens":1346,"outputTokens":25,"totalTokens":1371,"processingTime":1725,"extractedLength":60}
{"timestamp":"2026-03-02T04:41:58.887Z","fileName":"Helloการเขียนชื่อไทย.png","fileType":"png","inputTokens":1346,"outputTokens":33,"totalTokens":1379,"processingTime":1760,"extractedLength":92}
{"timestamp":"2026-03-02T04:41:59.097Z","fileName":"การพาณิชย์อิเล็กทรอนิกส์.png","fileType":"png","inputTokens":1088,"outputTokens":122,"totalTokens":1210,"processingTime":1984,"extractedLength":369}
{"timestamp":"2026-03-02T04:42:00.501Z","fileName":"cuteRibbonFont.jpg","fileType":"jpg","inputTokens":1346,"outputTokens":60,"totalTokens":1406,"processingTime":1523,"extractedLength":201}
{"timestamp":"2026-03-02T04:42:00.723Z","fileName":"การพาณิชย์อิเล็กทรอนิกส์.png","fileType":"png","inputTokens":1088,"outputTokens":122,"totalTokens":1210,"processingTime":1817,"extractedLength":369}
{"timestamp":"2026-03-02T04:42:00.826Z","fileName":"การพาณิชย์อิเล็กทรอนิกส์.png","fileType":"png","inputTokens":1088,"outputTokens":122,"totalTokens":1210,"processingTime":1716,"extractedLength":369}
{"timestamp":"2026-03-02T04:42:02.032Z","fileName":"Helloการเขียนชื่อไทย.png","fileType":"png","inputTokens":1346,"outputTokens":33,"totalTokens":1379,"processingTime":1526,"extractedLength":92}
{"timestamp":"2026-03-02T04:42:03.227Z","fileName":"5f09ee88ed31286bd8b6e4a8_example-janitor-resume.png","fileType":"png","inputTokens":2636,"outputTokens":732,"totalTokens":3368,"processingTime":6045,"extractedLength":3261}
{"timestamp":"2026-03-02T04:42:04.101Z","fileName":"0-z6l6VDI6-photo.gif","fileType":"gif","inputTokens":1862,"outputTokens":395,"totalTokens":2257,"processingTime":3373,"extractedLength":1310}
{"timestamp":"2026-03-02T04:42:04.316Z","fileName":"0-z6l6VDI6-photo (1).gif","fileType":"gif","inputTokens":1862,"outputTokens":385,"totalTokens":2247,"processingTime":3483,"extractedLength":1286}
{"timestamp":"2026-03-02T04:57:14.863Z","fileName":"cuteRibbonFont.jpg","fileType":"jpg","inputTokens":1346,"outputTokens":60,"totalTokens":1406,"processingTime":1916,"extractedLength":201}
{"timestamp":"2026-03-02T04:57:15.186Z","fileName":"Mock.png","fileType":"png","inputTokens":1346,"outputTokens":24,"totalTokens":1370,"processingTime":1995,"extractedLength":59}
{"timestamp":"2026-03-02T04:57:16.709Z","fileName":"การพาณิชย์อิเล็กทรอนิกส์.png","fileType":"png","inputTokens":1088,"outputTokens":122,"totalTokens":1210,"processingTime":1798,"extractedLength":369}
{"timestamp":"2026-03-02T04:57:16.818Z","fileName":"Helloการเขียนชื่อไทย.png","fileType":"png","inputTokens":1346,"outputTokens":33,"totalTokens":1379,"processingTime":1342,"extractedLength":92}
{"timestamp":"2026-03-02T04:57:18.232Z","fileName":"ไทยแลน.jpg","fileType":"jpg","inputTokens":1862,"outputTokens":9,"totalTokens":1871,"processingTime":1517,"extractedLength":23}
{"timestamp":"2026-03-02T04:57:18.242Z","fileName":"2 (2).jpg","fileType":"jpg","inputTokens":1862,"outputTokens":576,"totalTokens":2438,"processingTime":4887,"extractedLength":1676}
{"timestamp":"2026-03-02T04:57:19.542Z","fileName":"5f09ee88ed31286bd8b6e4a8_example-janitor-resume.png","fileType":"png","inputTokens":2636,"outputTokens":730,"totalTokens":3366,"processingTime":6786,"extractedLength":3256}
{"timestamp":"2026-03-02T04:57:19.858Z","fileName":"Mock.png","fileType":"png","inputTokens":1346,"outputTokens":22,"totalTokens":1368,"processingTime":1618,"extractedLength":60}
{"timestamp":"2026-03-02T04:57:20.197Z","fileName":"0-z6l6VDI6-photo (1).gif","fileType":"gif","inputTokens":1862,"outputTokens":389,"totalTokens":2251,"processingTime":3284,"extractedLength":1294}
{"timestamp":"2026-03-02T04:57:21.180Z","fileName":"ไทยแลน.jpg","fileType":"jpg","inputTokens":1862,"outputTokens":10,"totalTokens":1872,"processingTime":1556,"extractedLength":23}
{"timestamp":"2026-03-02T04:57:21.395Z","fileName":"cuteRibbonFont.jpg","fileType":"jpg","inputTokens":1346,"outputTokens":60,"totalTokens":1406,"processingTime":1532,"extractedLength":201}
{"timestamp":"2026-03-02T04:57:21.623Z","fileName":"0-z6l6VDI6-photo.gif","fileType":"gif","inputTokens":1862,"outputTokens":394,"totalTokens":2256,"processingTime":3295,"extractedLength":1315}
{"timestamp":"2026-03-02T04:57:21.733Z","fileName":"Helloการเขียนชื่อไทย.png","fileType":"png","inputTokens":1346,"outputTokens":33,"totalTokens":1379,"processingTime":1530,"extractedLength":92}
{"timestamp":"2026-03-02T04:57:22.865Z","fileName":"Helloการเขียนชื่อไทย.png","fileType":"png","inputTokens":1346,"outputTokens":33,"totalTokens":1379,"processingTime":1553,"extractedLength":92}
{"timestamp":"2026-03-02T04:57:23.010Z","fileName":"cuteRibbonFont.jpg","fileType":"jpg","inputTokens":1346,"outputTokens":60,"totalTokens":1406,"processingTime":1594,"extractedLength":201}
{"timestamp":"2026-03-02T04:57:23.661Z","fileName":"Mock.png","fileType":"png","inputTokens":1346,"outputTokens":25,"totalTokens":1371,"processingTime":1704,"extractedLength":60}
{"timestamp":"2026-03-02T04:57:24.833Z","fileName":"การพาณิชย์อิเล็กทรอนิกส์.png","fileType":"png","inputTokens":1088,"outputTokens":122,"totalTokens":1210,"processingTime":1662,"extractedLength":369}
{"timestamp":"2026-03-02T04:57:26.112Z","fileName":"0-z6l6VDI6-photo.gif","fileType":"gif","inputTokens":1862,"outputTokens":395,"totalTokens":2257,"processingTime":3241,"extractedLength":1311}
{"timestamp":"2026-03-02T04:57:26.489Z","fileName":"การพาณิชย์อิเล็กทรอนิกส์.png","fileType":"png","inputTokens":1088,"outputTokens":122,"totalTokens":1210,"processingTime":1650,"extractedLength":369}
{"timestamp":"2026-03-02T04:57:27.024Z","fileName":"0-z6l6VDI6-photo (1).gif","fileType":"gif","inputTokens":1862,"outputTokens":394,"totalTokens":2256,"processingTime":3357,"extractedLength":1309}
{"timestamp":"2026-03-02T04:57:28.233Z","fileName":"5f09ee88ed31286bd8b6e4a8_example-janitor-resume.png","fileType":"png","inputTokens":2636,"outputTokens":730,"totalTokens":3366,"processingTime":6589,"extractedLength":3257}
{"timestamp":"2026-03-02T04:57:28.674Z","fileName":"Mock.png","fileType":"png","inputTokens":1346,"outputTokens":24,"totalTokens":1370,"processingTime":1626,"extractedLength":59}
{"timestamp":"2026-03-02T04:57:32.687Z","fileName":"ทรรศนีย์ จันทร์สุวรรณ (1) (1) (2)_page-0001.jpg","fileType":"jpg","inputTokens":1862,"outputTokens":720,"totalTokens":2582,"processingTime":6164,"extractedLength":1663}
{"timestamp":"2026-03-02T04:57:33.449Z","fileName":"5f09ee88ed31286bd8b6e4a8_example-janitor-resume (1).png","fileType":"png","inputTokens":2636,"outputTokens":759,"totalTokens":3395,"processingTime":7225,"extractedLength":3255}
{"timestamp":"2026-03-02T04:57:35.187Z","fileName":"5f09ee88ed31286bd8b6e4a8_example-janitor-resume (1).png","fileType":"png","inputTokens":2636,"outputTokens":760,"totalTokens":3396,"processingTime":6838,"extractedLength":3258}
{"timestamp":"2026-03-02T05:15:29.952Z","fileName":"cuteRibbonFont.jpg","fileType":"jpg","inputTokens":1346,"outputTokens":60,"totalTokens":1406,"processingTime":2124,"extractedLength":201}
{"timestamp":"2026-03-02T05:15:30.056Z","fileName":"cuteRibbonFont.jpg","fileType":"jpg","inputTokens":1346,"outputTokens":60,"totalTokens":1406,"processingTime":1960,"extractedLength":201}
{"timestamp":"2026-03-02T05:15:30.196Z","fileName":"cuteRibbonFont.jpg","fileType":"jpg","inputTokens":1346,"outputTokens":60,"totalTokens":1406,"processingTime":1768,"extractedLength":201}
{"timestamp":"2026-03-02T05:15:31.581Z","fileName":"Helloการเขียนชื่อไทย.png","fileType":"png","inputTokens":1346,"outputTokens":33,"totalTokens":1379,"processingTime":1622,"extractedLength":92}
{"timestamp":"2026-03-02T05:15:32.011Z","fileName":"การพาณิชย์อิเล็กทรอนิกส์.png","fileType":"png","inputTokens":1088,"outputTokens":122,"totalTokens":1210,"processingTime":1944,"extractedLength":369}
{"timestamp":"2026-03-02T05:15:32.158Z","fileName":"Mock.png","fileType":"png","inputTokens":1346,"outputTokens":25,"totalTokens":1371,"processingTime":1736,"extractedLength":60}
{"timestamp":"2026-03-02T05:15:32.228Z","fileName":"0-z6l6VDI6-photo.gif","fileType":"gif","inputTokens":1862,"outputTokens":389,"totalTokens":2251,"processingTime":4009,"extractedLength":1295}
{"timestamp":"2026-03-02T05:15:33.105Z","fileName":"Helloการเขียนชื่อไทย.png","fileType":"png","inputTokens":1346,"outputTokens":33,"totalTokens":1379,"processingTime":1518,"extractedLength":92}
{"timestamp":"2026-03-02T05:15:34.052Z","fileName":"Mock.png","fileType":"png","inputTokens":1346,"outputTokens":24,"totalTokens":1370,"processingTime":1718,"extractedLength":59}
{"timestamp":"2026-03-02T05:15:34.955Z","fileName":"การพาณิชย์อิเล็กทรอนิกส์.png","fileType":"png","inputTokens":1088,"outputTokens":122,"totalTokens":1210,"processingTime":1825,"extractedLength":369}
{"timestamp":"2026-03-02T05:15:36.776Z","fileName":"2 (2).jpg","fileType":"jpg","inputTokens":1862,"outputTokens":536,"totalTokens":2398,"processingTime":4700,"extractedLength":1606}
{"timestamp":"2026-03-02T05:15:37.772Z","fileName":"ทรรศนีย์ จันทร์สุวรรณ (1) (1) (2)_page-0001.jpg","fileType":"jpg","inputTokens":1862,"outputTokens":717,"totalTokens":2579,"processingTime":5607,"extractedLength":1658}
{"timestamp":"2026-03-02T05:15:39.509Z","fileName":"Mock.png","fileType":"png","inputTokens":1346,"outputTokens":25,"totalTokens":1371,"processingTime":1729,"extractedLength":60}
{"timestamp":"2026-03-02T05:15:40.483Z","fileName":"0-z6l6VDI6-photo.gif","fileType":"gif","inputTokens":1862,"outputTokens":396,"totalTokens":2258,"processingTime":3618,"extractedLength":1313}
{"timestamp":"2026-03-02T05:15:40.808Z","fileName":"5f09ee88ed31286bd8b6e4a8_example-janitor-resume (1).png","fileType":"png","inputTokens":2636,"outputTokens":759,"totalTokens":3395,"processingTime":6750,"extractedLength":3255}
{"timestamp":"2026-03-02T05:15:41.236Z","fileName":"5f09ee88ed31286bd8b6e4a8_example-janitor-resume.png","fileType":"png","inputTokens":2636,"outputTokens":730,"totalTokens":3366,"processingTime":6276,"extractedLength":3256}
{"timestamp":"2026-03-02T05:15:41.236Z","fileName":"ไทยแลน.jpg","fileType":"jpg","inputTokens":1862,"outputTokens":8,"totalTokens":1870,"processingTime":1722,"extractedLength":22}
{"timestamp":"2026-03-02T05:15:42.540Z","fileName":"การพาณิชย์อิเล็กทรอนิกส์.png","fileType":"png","inputTokens":1088,"outputTokens":122,"totalTokens":1210,"processingTime":1726,"extractedLength":369}
{"timestamp":"2026-03-02T05:15:43.099Z","fileName":"ไทยแลน.jpg","fileType":"jpg","inputTokens":1862,"outputTokens":10,"totalTokens":1872,"processingTime":1605,"extractedLength":26}
{"timestamp":"2026-03-02T05:15:44.175Z","fileName":"Mock.png","fileType":"png","inputTokens":1346,"outputTokens":22,"totalTokens":1368,"processingTime":1629,"extractedLength":60}
{"timestamp":"2026-03-02T05:15:44.604Z","fileName":"0-z6l6VDI6-photo (1).gif","fileType":"gif","inputTokens":1862,"outputTokens":388,"totalTokens":2250,"processingTime":3364,"extractedLength":1297}
{"timestamp":"2026-03-02T05:15:46.772Z","fileName":"5f09ee88ed31286bd8b6e4a8_example-janitor-resume.png","fileType":"png","inputTokens":2636,"outputTokens":730,"totalTokens":3366,"processingTime":6284,"extractedLength":3257}
{"timestamp":"2026-03-02T05:15:49.155Z","fileName":"5f09ee88ed31286bd8b6e4a8_example-janitor-resume (1).png","fileType":"png","inputTokens":2636,"outputTokens":730,"totalTokens":3366,"processingTime":6017,"extractedLength":3255}
